<?xml version="1.0" encoding="UTF-8"?>
<robot generator="Robot 5.0.1 (Python 3.9.2 on darwin)" generated="20220913 12:10:36.403" rpa="false" schemaversion="3">
<suite id="s1" name="Test Login Rf" source="/Users/liubasha/Documents/GitHub/liuba_robotframework/test_login_rf.robot">
<test id="s1-t1" name="Log in to the system" line="41">
<kw name="Open login page">
<kw name="Open Browser" library="SeleniumLibrary">
<arg>${LOGIN URL}</arg>
<arg>${BROWSER}</arg>
<doc>Opens a new browser instance to the optional ``url``.</doc>
<msg timestamp="20220913 12:10:36.731" level="INFO">Opening browser 'Chrome' to base url 'https://scouts.futbolkolektyw.pl/en/'.</msg>
<status status="PASS" starttime="20220913 12:10:36.730" endtime="20220913 12:10:40.051"/>
</kw>
<kw name="Title Should Be" library="SeleniumLibrary">
<arg>Scouts panel - sign in</arg>
<doc>Verifies that the current page title equals ``title``.</doc>
<msg timestamp="20220913 12:10:40.057" level="INFO">Page title is 'Scouts panel - sign in'.</msg>
<status status="PASS" starttime="20220913 12:10:40.052" endtime="20220913 12:10:40.057"/>
</kw>
<status status="PASS" starttime="20220913 12:10:36.730" endtime="20220913 12:10:40.058"/>
</kw>
<kw name="Type in email">
<kw name="Input Text" library="SeleniumLibrary">
<arg>${EMAILINPUT}</arg>
<arg>user01@getnada.com</arg>
<doc>Types the given ``text`` into the text field identified by ``locator``.</doc>
<msg timestamp="20220913 12:10:40.060" level="INFO">Typing text 'user01@getnada.com' into text field 'xpath= //*[@id='login']'.</msg>
<status status="PASS" starttime="20220913 12:10:40.059" endtime="20220913 12:10:40.267"/>
</kw>
<status status="PASS" starttime="20220913 12:10:40.058" endtime="20220913 12:10:40.267"/>
</kw>
<kw name="Type in password">
<kw name="Input Text" library="SeleniumLibrary">
<arg>${PASSWORDINPUT}</arg>
<arg>Test-1234</arg>
<doc>Types the given ``text`` into the text field identified by ``locator``.</doc>
<msg timestamp="20220913 12:10:40.268" level="INFO">Typing text 'Test-1234' into text field 'xpath= //*[@id='password']'.</msg>
<status status="PASS" starttime="20220913 12:10:40.268" endtime="20220913 12:10:40.382"/>
</kw>
<status status="PASS" starttime="20220913 12:10:40.267" endtime="20220913 12:10:40.382"/>
</kw>
<kw name="Click on the Sign In button">
<kw name="Click Element" library="SeleniumLibrary">
<arg>${SIGNINBUTTON}</arg>
<doc>Click the element identified by ``locator``.</doc>
<msg timestamp="20220913 12:10:40.383" level="INFO">Clicking element 'xpath= //*[text()= 'Sign in']'.</msg>
<status status="PASS" starttime="20220913 12:10:40.382" endtime="20220913 12:10:40.431"/>
</kw>
<status status="PASS" starttime="20220913 12:10:40.382" endtime="20220913 12:10:40.431"/>
</kw>
<kw name="Assert Dushboard">
<kw name="Wait Until Element Is Visible" library="SeleniumLibrary">
<arg>${PAGELOGO}</arg>
<doc>Waits until the element ``locator`` is visible.</doc>
<status status="PASS" starttime="20220913 12:10:40.432" endtime="20220913 12:10:41.517"/>
</kw>
<kw name="Title Should Be" library="SeleniumLibrary">
<arg>Scouts panel</arg>
<doc>Verifies that the current page title equals ``title``.</doc>
<msg timestamp="20220913 12:10:41.879" level="INFO" html="true">&lt;/td&gt;&lt;/tr&gt;&lt;tr&gt;&lt;td colspan="3"&gt;&lt;a href="selenium-screenshot-4.png"&gt;&lt;img src="selenium-screenshot-4.png" width="800px"&gt;&lt;/a&gt;</msg>
<msg timestamp="20220913 12:10:41.880" level="FAIL">Title should have been 'Scouts panel' but was 'PANEL SKAUTINGOWY'.</msg>
<status status="FAIL" starttime="20220913 12:10:41.517" endtime="20220913 12:10:41.885"/>
</kw>
<kw name="Capture Page Screenshot" library="SeleniumLibrary">
<arg>alert.png</arg>
<doc>Takes a screenshot of the current page and embeds it into a log file.</doc>
<status status="NOT RUN" starttime="20220913 12:10:41.886" endtime="20220913 12:10:41.886"/>
</kw>
<status status="FAIL" starttime="20220913 12:10:40.431" endtime="20220913 12:10:41.887"/>
</kw>
<kw name="Close Browser" library="SeleniumLibrary" type="TEARDOWN">
<doc>Closes the current browser.</doc>
<status status="PASS" starttime="20220913 12:10:41.888" endtime="20220913 12:10:41.970"/>
</kw>
<status status="FAIL" starttime="20220913 12:10:36.728" endtime="20220913 12:10:41.970">Title should have been 'Scouts panel' but was 'PANEL SKAUTINGOWY'.</status>
</test>
<test id="s1-t2" name="Log out of the system" line="49">
<kw name="Open login page">
<kw name="Open Browser" library="SeleniumLibrary">
<arg>${LOGIN URL}</arg>
<arg>${BROWSER}</arg>
<doc>Opens a new browser instance to the optional ``url``.</doc>
<msg timestamp="20220913 12:10:41.974" level="INFO">Opening browser 'Chrome' to base url 'https://scouts.futbolkolektyw.pl/en/'.</msg>
<status status="PASS" starttime="20220913 12:10:41.973" endtime="20220913 12:10:45.074"/>
</kw>
<kw name="Title Should Be" library="SeleniumLibrary">
<arg>Scouts panel - sign in</arg>
<doc>Verifies that the current page title equals ``title``.</doc>
<msg timestamp="20220913 12:10:45.080" level="INFO">Page title is 'Scouts panel - sign in'.</msg>
<status status="PASS" starttime="20220913 12:10:45.075" endtime="20220913 12:10:45.080"/>
</kw>
<status status="PASS" starttime="20220913 12:10:41.973" endtime="20220913 12:10:45.080"/>
</kw>
<kw name="Type in email">
<kw name="Input Text" library="SeleniumLibrary">
<arg>${EMAILINPUT}</arg>
<arg>user01@getnada.com</arg>
<doc>Types the given ``text`` into the text field identified by ``locator``.</doc>
<msg timestamp="20220913 12:10:45.081" level="INFO">Typing text 'user01@getnada.com' into text field 'xpath= //*[@id='login']'.</msg>
<status status="PASS" starttime="20220913 12:10:45.081" endtime="20220913 12:10:45.266"/>
</kw>
<status status="PASS" starttime="20220913 12:10:45.080" endtime="20220913 12:10:45.267"/>
</kw>
<kw name="Type in password">
<kw name="Input Text" library="SeleniumLibrary">
<arg>${PASSWORDINPUT}</arg>
<arg>Test-1234</arg>
<doc>Types the given ``text`` into the text field identified by ``locator``.</doc>
<msg timestamp="20220913 12:10:45.268" level="INFO">Typing text 'Test-1234' into text field 'xpath= //*[@id='password']'.</msg>
<status status="PASS" starttime="20220913 12:10:45.267" endtime="20220913 12:10:45.377"/>
</kw>
<status status="PASS" starttime="20220913 12:10:45.267" endtime="20220913 12:10:45.377"/>
</kw>
<kw name="Click on the Sign In button">
<kw name="Click Element" library="SeleniumLibrary">
<arg>${SIGNINBUTTON}</arg>
<doc>Click the element identified by ``locator``.</doc>
<msg timestamp="20220913 12:10:45.378" level="INFO">Clicking element 'xpath= //*[text()= 'Sign in']'.</msg>
<status status="PASS" starttime="20220913 12:10:45.377" endtime="20220913 12:10:45.424"/>
</kw>
<status status="PASS" starttime="20220913 12:10:45.377" endtime="20220913 12:10:45.425"/>
</kw>
<kw name="Click on the Sign Out button">
<kw name="Wait Until Element Is Visible" library="SeleniumLibrary">
<arg>${SIGNOUTBUTTON}</arg>
<doc>Waits until the element ``locator`` is visible.</doc>
<msg timestamp="20220913 12:10:50.840" level="INFO" html="true">&lt;/td&gt;&lt;/tr&gt;&lt;tr&gt;&lt;td colspan="3"&gt;&lt;a href="selenium-screenshot-5.png"&gt;&lt;img src="selenium-screenshot-5.png" width="800px"&gt;&lt;/a&gt;</msg>
<msg timestamp="20220913 12:10:50.841" level="FAIL">Element 'xpath= //*[text()= 'Sign out']' not visible after 5 seconds.</msg>
<status status="FAIL" starttime="20220913 12:10:45.425" endtime="20220913 12:10:50.842"/>
</kw>
<kw name="Click Element" library="SeleniumLibrary">
<arg>${SIGNOUTBUTTON}</arg>
<doc>Click the element identified by ``locator``.</doc>
<status status="NOT RUN" starttime="20220913 12:10:50.843" endtime="20220913 12:10:50.843"/>
</kw>
<status status="FAIL" starttime="20220913 12:10:45.425" endtime="20220913 12:10:50.844"/>
</kw>
<kw name="Assert LoginPage">
<status status="NOT RUN" starttime="20220913 12:10:50.844" endtime="20220913 12:10:50.844"/>
</kw>
<kw name="Close Browser" library="SeleniumLibrary" type="TEARDOWN">
<doc>Closes the current browser.</doc>
<status status="PASS" starttime="20220913 12:10:50.844" endtime="20220913 12:10:50.930"/>
</kw>
<status status="FAIL" starttime="20220913 12:10:41.972" endtime="20220913 12:10:50.930">Element 'xpath= //*[text()= 'Sign out']' not visible after 5 seconds.</status>
</test>
<test id="s1-t3" name="Invalid Log in to the system" line="58">
<kw name="Open login page">
<kw name="Open Browser" library="SeleniumLibrary">
<arg>${LOGIN URL}</arg>
<arg>${BROWSER}</arg>
<doc>Opens a new browser instance to the optional ``url``.</doc>
<msg timestamp="20220913 12:10:50.934" level="INFO">Opening browser 'Chrome' to base url 'https://scouts.futbolkolektyw.pl/en/'.</msg>
<status status="PASS" starttime="20220913 12:10:50.934" endtime="20220913 12:10:53.726"/>
</kw>
<kw name="Title Should Be" library="SeleniumLibrary">
<arg>Scouts panel - sign in</arg>
<doc>Verifies that the current page title equals ``title``.</doc>
<msg timestamp="20220913 12:10:53.731" level="INFO">Page title is 'Scouts panel - sign in'.</msg>
<status status="PASS" starttime="20220913 12:10:53.727" endtime="20220913 12:10:53.731"/>
</kw>
<status status="PASS" starttime="20220913 12:10:50.933" endtime="20220913 12:10:53.731"/>
</kw>
<kw name="Type in email">
<kw name="Input Text" library="SeleniumLibrary">
<arg>${EMAILINPUT}</arg>
<arg>user01@getnada.com</arg>
<doc>Types the given ``text`` into the text field identified by ``locator``.</doc>
<msg timestamp="20220913 12:10:53.733" level="INFO">Typing text 'user01@getnada.com' into text field 'xpath= //*[@id='login']'.</msg>
<status status="PASS" starttime="20220913 12:10:53.732" endtime="20220913 12:10:53.921"/>
</kw>
<status status="PASS" starttime="20220913 12:10:53.732" endtime="20220913 12:10:53.922"/>
</kw>
<kw name="Type in invalid password">
<kw name="Input Text" library="SeleniumLibrary">
<arg>${PASSWORDINPUT}</arg>
<arg>Test-1111</arg>
<doc>Types the given ``text`` into the text field identified by ``locator``.</doc>
<msg timestamp="20220913 12:10:53.923" level="INFO">Typing text 'Test-1111' into text field 'xpath= //*[@id='password']'.</msg>
<status status="PASS" starttime="20220913 12:10:53.922" endtime="20220913 12:10:54.029"/>
</kw>
<status status="PASS" starttime="20220913 12:10:53.922" endtime="20220913 12:10:54.029"/>
</kw>
<kw name="Click on the Sign In button">
<kw name="Click Element" library="SeleniumLibrary">
<arg>${SIGNINBUTTON}</arg>
<doc>Click the element identified by ``locator``.</doc>
<msg timestamp="20220913 12:10:54.030" level="INFO">Clicking element 'xpath= //*[text()= 'Sign in']'.</msg>
<status status="PASS" starttime="20220913 12:10:54.029" endtime="20220913 12:10:54.077"/>
</kw>
<status status="PASS" starttime="20220913 12:10:54.029" endtime="20220913 12:10:54.077"/>
</kw>
<kw name="Check validation message">
<kw name="Wait Until Element Is Visible" library="SeleniumLibrary">
<arg>${VALIDATIONSIGNIN}</arg>
<doc>Waits until the element ``locator`` is visible.</doc>
<status status="PASS" starttime="20220913 12:10:54.078" endtime="20220913 12:10:54.733"/>
</kw>
<kw name="Page Should Contain Element" library="SeleniumLibrary">
<arg>${VALIDATIONSIGNIN}</arg>
<doc>Verifies that element ``locator`` is found on the current page.</doc>
<msg timestamp="20220913 12:10:54.740" level="INFO">Current page contains element 'xpath= //*/div/div[1]/div[3]/span'.</msg>
<status status="PASS" starttime="20220913 12:10:54.733" endtime="20220913 12:10:54.740"/>
</kw>
<status status="PASS" starttime="20220913 12:10:54.077" endtime="20220913 12:10:54.740"/>
</kw>
<kw name="Assert LoginPage">
<kw name="Wait Until Element Is Visible" library="SeleniumLibrary">
<arg>${SIGNINBUTTON}</arg>
<doc>Waits until the element ``locator`` is visible.</doc>
<status status="PASS" starttime="20220913 12:10:54.741" endtime="20220913 12:10:54.759"/>
</kw>
<kw name="Title Should Be" library="SeleniumLibrary">
<arg>Scouts panel - sign in</arg>
<doc>Verifies that the current page title equals ``title``.</doc>
<msg timestamp="20220913 12:10:54.762" level="INFO">Page title is 'Scouts panel - sign in'.</msg>
<status status="PASS" starttime="20220913 12:10:54.759" endtime="20220913 12:10:54.762"/>
</kw>
<kw name="Capture Page Screenshot" library="SeleniumLibrary">
<arg>alert.png</arg>
<doc>Takes a screenshot of the current page and embeds it into a log file.</doc>
<msg timestamp="20220913 12:10:55.105" level="INFO" html="true">&lt;/td&gt;&lt;/tr&gt;&lt;tr&gt;&lt;td colspan="3"&gt;&lt;a href="alert.png"&gt;&lt;img src="alert.png" width="800px"&gt;&lt;/a&gt;</msg>
<status status="PASS" starttime="20220913 12:10:54.763" endtime="20220913 12:10:55.105"/>
</kw>
<status status="PASS" starttime="20220913 12:10:54.740" endtime="20220913 12:10:55.105"/>
</kw>
<kw name="Close Browser" library="SeleniumLibrary" type="TEARDOWN">
<doc>Closes the current browser.</doc>
<status status="PASS" starttime="20220913 12:10:55.105" endtime="20220913 12:10:55.181"/>
</kw>
<status status="PASS" starttime="20220913 12:10:50.932" endtime="20220913 12:10:55.181"/>
</test>
<test id="s1-t4" name="Language Switch" line="67">
<kw name="Open login page">
<kw name="Open Browser" library="SeleniumLibrary">
<arg>${LOGIN URL}</arg>
<arg>${BROWSER}</arg>
<doc>Opens a new browser instance to the optional ``url``.</doc>
<msg timestamp="20220913 12:10:55.184" level="INFO">Opening browser 'Chrome' to base url 'https://scouts.futbolkolektyw.pl/en/'.</msg>
<status status="PASS" starttime="20220913 12:10:55.184" endtime="20220913 12:10:57.262"/>
</kw>
<kw name="Title Should Be" library="SeleniumLibrary">
<arg>Scouts panel - sign in</arg>
<doc>Verifies that the current page title equals ``title``.</doc>
<msg timestamp="20220913 12:10:57.266" level="INFO">Page title is 'Scouts panel - sign in'.</msg>
<status status="PASS" starttime="20220913 12:10:57.262" endtime="20220913 12:10:57.266"/>
</kw>
<status status="PASS" starttime="20220913 12:10:55.183" endtime="20220913 12:10:57.267"/>
</kw>
<kw name="Type in email">
<kw name="Input Text" library="SeleniumLibrary">
<arg>${EMAILINPUT}</arg>
<arg>user01@getnada.com</arg>
<doc>Types the given ``text`` into the text field identified by ``locator``.</doc>
<msg timestamp="20220913 12:10:57.268" level="INFO">Typing text 'user01@getnada.com' into text field 'xpath= //*[@id='login']'.</msg>
<status status="PASS" starttime="20220913 12:10:57.267" endtime="20220913 12:10:57.452"/>
</kw>
<status status="PASS" starttime="20220913 12:10:57.267" endtime="20220913 12:10:57.452"/>
</kw>
<kw name="Type in password">
<kw name="Input Text" library="SeleniumLibrary">
<arg>${PASSWORDINPUT}</arg>
<arg>Test-1234</arg>
<doc>Types the given ``text`` into the text field identified by ``locator``.</doc>
<msg timestamp="20220913 12:10:57.453" level="INFO">Typing text 'Test-1234' into text field 'xpath= //*[@id='password']'.</msg>
<status status="PASS" starttime="20220913 12:10:57.453" endtime="20220913 12:10:57.557"/>
</kw>
<status status="PASS" starttime="20220913 12:10:57.453" endtime="20220913 12:10:57.557"/>
</kw>
<kw name="Click on the Sign In button">
<kw name="Click Element" library="SeleniumLibrary">
<arg>${SIGNINBUTTON}</arg>
<doc>Click the element identified by ``locator``.</doc>
<msg timestamp="20220913 12:10:57.558" level="INFO">Clicking element 'xpath= //*[text()= 'Sign in']'.</msg>
<status status="PASS" starttime="20220913 12:10:57.557" endtime="20220913 12:10:57.604"/>
</kw>
<status status="PASS" starttime="20220913 12:10:57.557" endtime="20220913 12:10:57.605"/>
</kw>
<kw name="Click on the Language button">
<kw name="Wait Until Element Is Visible" library="SeleniumLibrary">
<arg>${LANGUAGEBUTTON}</arg>
<doc>Waits until the element ``locator`` is visible.</doc>
<status status="PASS" starttime="20220913 12:10:57.605" endtime="20220913 12:10:58.732"/>
</kw>
<kw name="Click Element" library="SeleniumLibrary">
<arg>${LANGUAGEBUTTON}</arg>
<doc>Click the element identified by ``locator``.</doc>
<msg timestamp="20220913 12:10:58.732" level="INFO">Clicking element 'xpath= //*/ul[2]/div[1]/div[2]/span'.</msg>
<status status="PASS" starttime="20220913 12:10:58.732" endtime="20220913 12:10:58.818"/>
</kw>
<status status="PASS" starttime="20220913 12:10:57.605" endtime="20220913 12:10:58.818"/>
</kw>
<kw name="Assert Language Switch">
<kw name="Page Should Contain Element" library="SeleniumLibrary">
<arg>${POLSKILANGUGEON}</arg>
<doc>Verifies that element ``locator`` is found on the current page.</doc>
<msg timestamp="20220913 12:10:58.844" level="INFO">Current page contains element 'xpath= //*[text()= 'English']'.</msg>
<status status="PASS" starttime="20220913 12:10:58.819" endtime="20220913 12:10:58.844"/>
</kw>
<kw name="Capture Page Screenshot" library="SeleniumLibrary">
<arg>alert.png</arg>
<doc>Takes a screenshot of the current page and embeds it into a log file.</doc>
<msg timestamp="20220913 12:10:59.255" level="INFO" html="true">&lt;/td&gt;&lt;/tr&gt;&lt;tr&gt;&lt;td colspan="3"&gt;&lt;a href="alert.png"&gt;&lt;img src="alert.png" width="800px"&gt;&lt;/a&gt;</msg>
<status status="PASS" starttime="20220913 12:10:58.845" endtime="20220913 12:10:59.255"/>
</kw>
<status status="PASS" starttime="20220913 12:10:58.818" endtime="20220913 12:10:59.255"/>
</kw>
<kw name="Close Browser" library="SeleniumLibrary" type="TEARDOWN">
<doc>Closes the current browser.</doc>
<status status="PASS" starttime="20220913 12:10:59.256" endtime="20220913 12:10:59.335"/>
</kw>
<status status="PASS" starttime="20220913 12:10:55.182" endtime="20220913 12:10:59.335"/>
</test>
<test id="s1-t5" name="Add Player to Database" line="76">
<kw name="Open login page">
<kw name="Open Browser" library="SeleniumLibrary">
<arg>${LOGIN URL}</arg>
<arg>${BROWSER}</arg>
<doc>Opens a new browser instance to the optional ``url``.</doc>
<msg timestamp="20220913 12:10:59.339" level="INFO">Opening browser 'Chrome' to base url 'https://scouts.futbolkolektyw.pl/en/'.</msg>
<status status="PASS" starttime="20220913 12:10:59.338" endtime="20220913 12:11:02.513"/>
</kw>
<kw name="Title Should Be" library="SeleniumLibrary">
<arg>Scouts panel - sign in</arg>
<doc>Verifies that the current page title equals ``title``.</doc>
<msg timestamp="20220913 12:11:02.518" level="INFO">Page title is 'Scouts panel - sign in'.</msg>
<status status="PASS" starttime="20220913 12:11:02.513" endtime="20220913 12:11:02.518"/>
</kw>
<status status="PASS" starttime="20220913 12:10:59.338" endtime="20220913 12:11:02.518"/>
</kw>
<kw name="Type in email">
<kw name="Input Text" library="SeleniumLibrary">
<arg>${EMAILINPUT}</arg>
<arg>user01@getnada.com</arg>
<doc>Types the given ``text`` into the text field identified by ``locator``.</doc>
<msg timestamp="20220913 12:11:02.519" level="INFO">Typing text 'user01@getnada.com' into text field 'xpath= //*[@id='login']'.</msg>
<status status="PASS" starttime="20220913 12:11:02.519" endtime="20220913 12:11:02.705"/>
</kw>
<status status="PASS" starttime="20220913 12:11:02.519" endtime="20220913 12:11:02.706"/>
</kw>
<kw name="Type in password">
<kw name="Input Text" library="SeleniumLibrary">
<arg>${PASSWORDINPUT}</arg>
<arg>Test-1234</arg>
<doc>Types the given ``text`` into the text field identified by ``locator``.</doc>
<msg timestamp="20220913 12:11:02.706" level="INFO">Typing text 'Test-1234' into text field 'xpath= //*[@id='password']'.</msg>
<status status="PASS" starttime="20220913 12:11:02.706" endtime="20220913 12:11:02.811"/>
</kw>
<status status="PASS" starttime="20220913 12:11:02.706" endtime="20220913 12:11:02.811"/>
</kw>
<kw name="Click on the Sign In button">
<kw name="Click Element" library="SeleniumLibrary">
<arg>${SIGNINBUTTON}</arg>
<doc>Click the element identified by ``locator``.</doc>
<msg timestamp="20220913 12:11:02.812" level="INFO">Clicking element 'xpath= //*[text()= 'Sign in']'.</msg>
<status status="PASS" starttime="20220913 12:11:02.812" endtime="20220913 12:11:02.858"/>
</kw>
<status status="PASS" starttime="20220913 12:11:02.811" endtime="20220913 12:11:02.858"/>
</kw>
<kw name="Click on the AddPlayer button">
<kw name="Wait Until Element Is Visible" library="SeleniumLibrary">
<arg>${ADDPLAYERBUTTON}</arg>
<doc>Waits until the element ``locator`` is visible.</doc>
<status status="PASS" starttime="20220913 12:11:02.859" endtime="20220913 12:11:03.978"/>
</kw>
<kw name="Click Element" library="SeleniumLibrary">
<arg>${ADDPLAYERBUTTON}</arg>
<doc>Click the element identified by ``locator``.</doc>
<msg timestamp="20220913 12:11:03.978" level="INFO">Clicking element 'xpath= //*/div[2]/div/div/a'.</msg>
<status status="PASS" starttime="20220913 12:11:03.978" endtime="20220913 12:11:04.019"/>
</kw>
<status status="PASS" starttime="20220913 12:11:02.859" endtime="20220913 12:11:04.019"/>
</kw>
<kw name="Type in email of Add Form">
<kw name="Wait Until Element Is Visible" library="SeleniumLibrary">
<arg>${SUBMITBUTTON}</arg>
<doc>Waits until the element ``locator`` is visible.</doc>
<status status="PASS" starttime="20220913 12:11:04.020" endtime="20220913 12:11:04.253"/>
</kw>
<kw name="Input Text" library="SeleniumLibrary">
<arg>${EMAILADDFORMINPUT}</arg>
<arg>Test@gmail.com</arg>
<doc>Types the given ``text`` into the text field identified by ``locator``.</doc>
<msg timestamp="20220913 12:11:04.254" level="INFO">Typing text 'Test@gmail.com' into text field 'xpath=//*[@name='email']'.</msg>
<status status="PASS" starttime="20220913 12:11:04.253" endtime="20220913 12:11:04.392"/>
</kw>
<status status="PASS" starttime="20220913 12:11:04.019" endtime="20220913 12:11:04.392"/>
</kw>
<kw name="Type in Name">
<kw name="Input Text" library="SeleniumLibrary">
<arg>${NAMEINPUT}</arg>
<arg>Test</arg>
<doc>Types the given ``text`` into the text field identified by ``locator``.</doc>
<msg timestamp="20220913 12:11:04.393" level="INFO">Typing text 'Test' into text field 'xpath= //*[@name='name']'.</msg>
<status status="PASS" starttime="20220913 12:11:04.393" endtime="20220913 12:11:04.486"/>
</kw>
<status status="PASS" starttime="20220913 12:11:04.392" endtime="20220913 12:11:04.486"/>
</kw>
<kw name="Type in Surname">
<kw name="Input Text" library="SeleniumLibrary">
<arg>${SURNAMEINPUT}</arg>
<arg>Test</arg>
<doc>Types the given ``text`` into the text field identified by ``locator``.</doc>
<msg timestamp="20220913 12:11:04.487" level="INFO">Typing text 'Test' into text field 'xpath= //*[@name='surname']'.</msg>
<status status="PASS" starttime="20220913 12:11:04.486" endtime="20220913 12:11:04.582"/>
</kw>
<status status="PASS" starttime="20220913 12:11:04.486" endtime="20220913 12:11:04.582"/>
</kw>
<kw name="Type in Phone">
<kw name="Input Text" library="SeleniumLibrary">
<arg>${PHONEINPUT}</arg>
<arg>111111111</arg>
<doc>Types the given ``text`` into the text field identified by ``locator``.</doc>
<msg timestamp="20220913 12:11:04.583" level="INFO">Typing text '111111111' into text field 'xpath= //*[@name='phone']'.</msg>
<status status="PASS" starttime="20220913 12:11:04.582" endtime="20220913 12:11:04.702"/>
</kw>
<status status="PASS" starttime="20220913 12:11:04.582" endtime="20220913 12:11:04.702"/>
</kw>
<kw name="Type in Weight">
<kw name="Input Text" library="SeleniumLibrary">
<arg>${WEIGHTINPUT}</arg>
<arg>100</arg>
<doc>Types the given ``text`` into the text field identified by ``locator``.</doc>
<msg timestamp="20220913 12:11:04.703" level="INFO">Typing text '100' into text field 'xpath= //*[@name='weight']'.</msg>
<status status="PASS" starttime="20220913 12:11:04.703" endtime="20220913 12:11:04.790"/>
</kw>
<status status="PASS" starttime="20220913 12:11:04.702" endtime="20220913 12:11:04.790"/>
</kw>
<kw name="Type in Height">
<kw name="Input Text" library="SeleniumLibrary">
<arg>${HEIGHTINPUT}</arg>
<arg>190</arg>
<doc>Types the given ``text`` into the text field identified by ``locator``.</doc>
<msg timestamp="20220913 12:11:04.791" level="INFO">Typing text '190' into text field 'xpath= //*[@name='height']'.</msg>
<status status="PASS" starttime="20220913 12:11:04.790" endtime="20220913 12:11:04.879"/>
</kw>
<status status="PASS" starttime="20220913 12:11:04.790" endtime="20220913 12:11:04.879"/>
</kw>
<kw name="Type in Age">
<kw name="Input Text" library="SeleniumLibrary">
<arg>${AGEINPUT}</arg>
<arg>01.01.2001</arg>
<doc>Types the given ``text`` into the text field identified by ``locator``.</doc>
<msg timestamp="20220913 12:11:04.880" level="INFO">Typing text '01.01.2001' into text field 'xpath= //*[@name='age']'.</msg>
<status status="PASS" starttime="20220913 12:11:04.880" endtime="20220913 12:11:04.973"/>
</kw>
<status status="PASS" starttime="20220913 12:11:04.879" endtime="20220913 12:11:04.974"/>
</kw>
<kw name="Click on the Leg">
<kw name="Click Element" library="SeleniumLibrary">
<arg>${LEGDROPDOWN}</arg>
<doc>Click the element identified by ``locator``.</doc>
<msg timestamp="20220913 12:11:04.975" level="INFO">Clicking element 'xpath = //*[@id='mui-component-select-leg']'.</msg>
<status status="PASS" starttime="20220913 12:11:04.975" endtime="20220913 12:11:05.032"/>
</kw>
<kw name="Click Element" library="SeleniumLibrary">
<arg>${RIGHTLEG}</arg>
<doc>Click the element identified by ``locator``.</doc>
<msg timestamp="20220913 12:11:05.033" level="INFO">Clicking element 'xpath = //ul/li[1]'.</msg>
<status status="PASS" starttime="20220913 12:11:05.032" endtime="20220913 12:11:05.087"/>
</kw>
<status status="PASS" starttime="20220913 12:11:04.974" endtime="20220913 12:11:05.087"/>
</kw>
<kw name="Type in Club">
<kw name="Input Text" library="SeleniumLibrary">
<arg>${CLUBINPUT}</arg>
<arg>test</arg>
<doc>Types the given ``text`` into the text field identified by ``locator``.</doc>
<msg timestamp="20220913 12:11:05.088" level="INFO">Typing text 'test' into text field 'xpath= //*[@name='club']'.</msg>
<status status="PASS" starttime="20220913 12:11:05.087" endtime="20220913 12:11:05.184"/>
</kw>
<status status="PASS" starttime="20220913 12:11:05.087" endtime="20220913 12:11:05.184"/>
</kw>
<kw name="Type in Level">
<kw name="Input Text" library="SeleniumLibrary">
<arg>${LEVELINPUT}</arg>
<arg>test</arg>
<doc>Types the given ``text`` into the text field identified by ``locator``.</doc>
<msg timestamp="20220913 12:11:05.185" level="INFO">Typing text 'test' into text field 'xpath= //*[@name='level']'.</msg>
<status status="PASS" starttime="20220913 12:11:05.185" endtime="20220913 12:11:05.279"/>
</kw>
<status status="PASS" starttime="20220913 12:11:05.185" endtime="20220913 12:11:05.279"/>
</kw>
<kw name="Type in Main Position">
<kw name="Input Text" library="SeleniumLibrary">
<arg>${MAINPOSITIONINPUT}</arg>
<arg>test</arg>
<doc>Types the given ``text`` into the text field identified by ``locator``.</doc>
<msg timestamp="20220913 12:11:05.280" level="INFO">Typing text 'test' into text field 'xpath= //*[@name='mainPosition']'.</msg>
<status status="PASS" starttime="20220913 12:11:05.280" endtime="20220913 12:11:05.368"/>
</kw>
<status status="PASS" starttime="20220913 12:11:05.279" endtime="20220913 12:11:05.369"/>
</kw>
<kw name="Type in Second Position">
<kw name="Input Text" library="SeleniumLibrary">
<arg>${SECONDPOSITIONINPUT}</arg>
<arg>test</arg>
<doc>Types the given ``text`` into the text field identified by ``locator``.</doc>
<msg timestamp="20220913 12:11:05.370" level="INFO">Typing text 'test' into text field 'xpath= //*[@name='secondPosition']'.</msg>
<status status="PASS" starttime="20220913 12:11:05.369" endtime="20220913 12:11:05.461"/>
</kw>
<status status="PASS" starttime="20220913 12:11:05.369" endtime="20220913 12:11:05.461"/>
</kw>
<kw name="Click on the District">
<kw name="Click Element" library="SeleniumLibrary">
<arg>${DISTRICTDROPDOWN}</arg>
<doc>Click the element identified by ``locator``.</doc>
<msg timestamp="20220913 12:11:05.462" level="INFO">Clicking element 'xpath= //*[@id='mui-component-select-district']'.</msg>
<status status="PASS" starttime="20220913 12:11:05.462" endtime="20220913 12:11:05.536"/>
</kw>
<kw name="Click Element" library="SeleniumLibrary">
<arg>${LUBLINDISTRICT}</arg>
<doc>Click the element identified by ``locator``.</doc>
<msg timestamp="20220913 12:11:05.536" level="INFO">Clicking element 'xpath= //ul/li[3]'.</msg>
<status status="PASS" starttime="20220913 12:11:05.536" endtime="20220913 12:11:05.595"/>
</kw>
<status status="PASS" starttime="20220913 12:11:05.461" endtime="20220913 12:11:05.595"/>
</kw>
<kw name="Type in Achievement">
<kw name="Input Text" library="SeleniumLibrary">
<arg>${ACHIEVEMENTIONINPUT}</arg>
<arg>test</arg>
<doc>Types the given ``text`` into the text field identified by ``locator``.</doc>
<msg timestamp="20220913 12:11:05.596" level="INFO">Typing text 'test' into text field 'xpath= //*[@name='achievements']'.</msg>
<status status="PASS" starttime="20220913 12:11:05.596" endtime="20220913 12:11:05.689"/>
</kw>
<status status="PASS" starttime="20220913 12:11:05.595" endtime="20220913 12:11:05.689"/>
</kw>
<kw name="Type in Laczy Nas Pilka">
<kw name="Input Text" library="SeleniumLibrary">
<arg>${LACZYIONINPUT}</arg>
<arg>test</arg>
<doc>Types the given ``text`` into the text field identified by ``locator``.</doc>
<msg timestamp="20220913 12:11:05.690" level="INFO">Typing text 'test' into text field 'xpath= //*[@name='webLaczy']'.</msg>
<status status="PASS" starttime="20220913 12:11:05.689" endtime="20220913 12:11:05.782"/>
</kw>
<status status="PASS" starttime="20220913 12:11:05.689" endtime="20220913 12:11:05.782"/>
</kw>
<kw name="Type in Ninety Minute">
<kw name="Input Text" library="SeleniumLibrary">
<arg>${MINUTIONINPUT}</arg>
<arg>test</arg>
<doc>Types the given ``text`` into the text field identified by ``locator``.</doc>
<msg timestamp="20220913 12:11:05.783" level="INFO">Typing text 'test' into text field 'xpath= //*[@name='web90']'.</msg>
<status status="PASS" starttime="20220913 12:11:05.783" endtime="20220913 12:11:05.874"/>
</kw>
<status status="PASS" starttime="20220913 12:11:05.783" endtime="20220913 12:11:05.875"/>
</kw>
<kw name="Type in Facebook">
<kw name="Input Text" library="SeleniumLibrary">
<arg>${FACEBOOKINPUT}</arg>
<arg>test</arg>
<doc>Types the given ``text`` into the text field identified by ``locator``.</doc>
<msg timestamp="20220913 12:11:05.876" level="INFO">Typing text 'test' into text field 'xpath= //*[@name='webFB']'.</msg>
<msg timestamp="20220913 12:11:06.320" level="INFO" html="true">&lt;/td&gt;&lt;/tr&gt;&lt;tr&gt;&lt;td colspan="3"&gt;&lt;a href="selenium-screenshot-6.png"&gt;&lt;img src="selenium-screenshot-6.png" width="800px"&gt;&lt;/a&gt;</msg>
<msg timestamp="20220913 12:11:06.321" level="FAIL">Element with locator 'xpath= //*[@name='webFB']' not found.</msg>
<status status="FAIL" starttime="20220913 12:11:05.876" endtime="20220913 12:11:06.325"/>
</kw>
<status status="FAIL" starttime="20220913 12:11:05.875" endtime="20220913 12:11:06.326"/>
</kw>
<kw name="Click on the Submit button">
<status status="NOT RUN" starttime="20220913 12:11:06.327" endtime="20220913 12:11:06.327"/>
</kw>
<kw name="Assert Edit Page">
<status status="NOT RUN" starttime="20220913 12:11:06.327" endtime="20220913 12:11:06.327"/>
</kw>
<kw name="Close Browser" library="SeleniumLibrary" type="TEARDOWN">
<doc>Closes the current browser.</doc>
<status status="PASS" starttime="20220913 12:11:06.327" endtime="20220913 12:11:06.407"/>
</kw>
<status status="FAIL" starttime="20220913 12:10:59.337" endtime="20220913 12:11:06.407">Element with locator 'xpath= //*[@name='webFB']' not found.</status>
</test>
<test id="s1-t6" name="Clear add player form" line="103">
<kw name="Open login page">
<kw name="Open Browser" library="SeleniumLibrary">
<arg>${LOGIN URL}</arg>
<arg>${BROWSER}</arg>
<doc>Opens a new browser instance to the optional ``url``.</doc>
<msg timestamp="20220913 12:11:06.411" level="INFO">Opening browser 'Chrome' to base url 'https://scouts.futbolkolektyw.pl/en/'.</msg>
<status status="PASS" starttime="20220913 12:11:06.410" endtime="20220913 12:11:08.836"/>
</kw>
<kw name="Title Should Be" library="SeleniumLibrary">
<arg>Scouts panel - sign in</arg>
<doc>Verifies that the current page title equals ``title``.</doc>
<msg timestamp="20220913 12:11:08.841" level="INFO">Page title is 'Scouts panel - sign in'.</msg>
<status status="PASS" starttime="20220913 12:11:08.837" endtime="20220913 12:11:08.842"/>
</kw>
<status status="PASS" starttime="20220913 12:11:06.410" endtime="20220913 12:11:08.842"/>
</kw>
<kw name="Type in email">
<kw name="Input Text" library="SeleniumLibrary">
<arg>${EMAILINPUT}</arg>
<arg>user01@getnada.com</arg>
<doc>Types the given ``text`` into the text field identified by ``locator``.</doc>
<msg timestamp="20220913 12:11:08.843" level="INFO">Typing text 'user01@getnada.com' into text field 'xpath= //*[@id='login']'.</msg>
<status status="PASS" starttime="20220913 12:11:08.843" endtime="20220913 12:11:09.031"/>
</kw>
<status status="PASS" starttime="20220913 12:11:08.842" endtime="20220913 12:11:09.031"/>
</kw>
<kw name="Type in password">
<kw name="Input Text" library="SeleniumLibrary">
<arg>${PASSWORDINPUT}</arg>
<arg>Test-1234</arg>
<doc>Types the given ``text`` into the text field identified by ``locator``.</doc>
<msg timestamp="20220913 12:11:09.033" level="INFO">Typing text 'Test-1234' into text field 'xpath= //*[@id='password']'.</msg>
<status status="PASS" starttime="20220913 12:11:09.032" endtime="20220913 12:11:09.137"/>
</kw>
<status status="PASS" starttime="20220913 12:11:09.032" endtime="20220913 12:11:09.137"/>
</kw>
<kw name="Click on the Sign In button">
<kw name="Click Element" library="SeleniumLibrary">
<arg>${SIGNINBUTTON}</arg>
<doc>Click the element identified by ``locator``.</doc>
<msg timestamp="20220913 12:11:09.138" level="INFO">Clicking element 'xpath= //*[text()= 'Sign in']'.</msg>
<status status="PASS" starttime="20220913 12:11:09.138" endtime="20220913 12:11:09.185"/>
</kw>
<status status="PASS" starttime="20220913 12:11:09.137" endtime="20220913 12:11:09.185"/>
</kw>
<kw name="Click on the AddPlayer button">
<kw name="Wait Until Element Is Visible" library="SeleniumLibrary">
<arg>${ADDPLAYERBUTTON}</arg>
<doc>Waits until the element ``locator`` is visible.</doc>
<status status="PASS" starttime="20220913 12:11:09.186" endtime="20220913 12:11:10.477"/>
</kw>
<kw name="Click Element" library="SeleniumLibrary">
<arg>${ADDPLAYERBUTTON}</arg>
<doc>Click the element identified by ``locator``.</doc>
<msg timestamp="20220913 12:11:10.478" level="INFO">Clicking element 'xpath= //*/div[2]/div/div/a'.</msg>
<status status="PASS" starttime="20220913 12:11:10.478" endtime="20220913 12:11:10.596"/>
</kw>
<status status="PASS" starttime="20220913 12:11:09.185" endtime="20220913 12:11:10.596"/>
</kw>
<kw name="Type in Name">
<kw name="Input Text" library="SeleniumLibrary">
<arg>${NAMEINPUT}</arg>
<arg>Test</arg>
<doc>Types the given ``text`` into the text field identified by ``locator``.</doc>
<msg timestamp="20220913 12:11:10.598" level="INFO">Typing text 'Test' into text field 'xpath= //*[@name='name']'.</msg>
<status status="PASS" starttime="20220913 12:11:10.597" endtime="20220913 12:11:10.780"/>
</kw>
<status status="PASS" starttime="20220913 12:11:10.596" endtime="20220913 12:11:10.780"/>
</kw>
<kw name="Type in Surname">
<kw name="Input Text" library="SeleniumLibrary">
<arg>${SURNAMEINPUT}</arg>
<arg>Test</arg>
<doc>Types the given ``text`` into the text field identified by ``locator``.</doc>
<msg timestamp="20220913 12:11:10.781" level="INFO">Typing text 'Test' into text field 'xpath= //*[@name='surname']'.</msg>
<status status="PASS" starttime="20220913 12:11:10.781" endtime="20220913 12:11:10.870"/>
</kw>
<status status="PASS" starttime="20220913 12:11:10.780" endtime="20220913 12:11:10.871"/>
</kw>
<kw name="Type in Age">
<kw name="Input Text" library="SeleniumLibrary">
<arg>${AGEINPUT}</arg>
<arg>01.01.2001</arg>
<doc>Types the given ``text`` into the text field identified by ``locator``.</doc>
<msg timestamp="20220913 12:11:10.872" level="INFO">Typing text '01.01.2001' into text field 'xpath= //*[@name='age']'.</msg>
<status status="PASS" starttime="20220913 12:11:10.871" endtime="20220913 12:11:10.968"/>
</kw>
<status status="PASS" starttime="20220913 12:11:10.871" endtime="20220913 12:11:10.969"/>
</kw>
<kw name="Type in Main Position">
<kw name="Input Text" library="SeleniumLibrary">
<arg>${MAINPOSITIONINPUT}</arg>
<arg>test</arg>
<doc>Types the given ``text`` into the text field identified by ``locator``.</doc>
<msg timestamp="20220913 12:11:10.970" level="INFO">Typing text 'test' into text field 'xpath= //*[@name='mainPosition']'.</msg>
<status status="PASS" starttime="20220913 12:11:10.969" endtime="20220913 12:11:11.065"/>
</kw>
<status status="PASS" starttime="20220913 12:11:10.969" endtime="20220913 12:11:11.065"/>
</kw>
<kw name="Click on the Clear button">
<kw name="Click Element" library="SeleniumLibrary">
<arg>${CLEARBUTTON}</arg>
<doc>Click the element identified by ``locator``.</doc>
<msg timestamp="20220913 12:11:11.066" level="INFO">Clicking element 'xpath= //*[text()= 'Clear']'.</msg>
<status status="PASS" starttime="20220913 12:11:11.066" endtime="20220913 12:11:11.131"/>
</kw>
<status status="PASS" starttime="20220913 12:11:11.066" endtime="20220913 12:11:11.132"/>
</kw>
<kw name="Assert Add Page">
<kw name="Title Should Be" library="SeleniumLibrary">
<arg>Add player</arg>
<doc>Verifies that the current page title equals ``title``.</doc>
<msg timestamp="20220913 12:11:11.136" level="INFO">Page title is 'Add player'.</msg>
<status status="PASS" starttime="20220913 12:11:11.133" endtime="20220913 12:11:11.136"/>
</kw>
<kw name="Capture Page Screenshot" library="SeleniumLibrary">
<arg>alert.png</arg>
<doc>Takes a screenshot of the current page and embeds it into a log file.</doc>
<msg timestamp="20220913 12:11:11.560" level="INFO" html="true">&lt;/td&gt;&lt;/tr&gt;&lt;tr&gt;&lt;td colspan="3"&gt;&lt;a href="alert.png"&gt;&lt;img src="alert.png" width="800px"&gt;&lt;/a&gt;</msg>
<status status="PASS" starttime="20220913 12:11:11.136" endtime="20220913 12:11:11.560"/>
</kw>
<status status="PASS" starttime="20220913 12:11:11.132" endtime="20220913 12:11:11.560"/>
</kw>
<kw name="Close Browser" library="SeleniumLibrary" type="TEARDOWN">
<doc>Closes the current browser.</doc>
<status status="PASS" starttime="20220913 12:11:11.560" endtime="20220913 12:11:11.644"/>
</kw>
<status status="PASS" starttime="20220913 12:11:06.409" endtime="20220913 12:11:11.644"/>
</test>
<doc>Suite description #automated tests for scout website</doc>
<status status="FAIL" starttime="20220913 12:10:36.406" endtime="20220913 12:11:11.646"/>
</suite>
<statistics>
<total>
<stat pass="3" fail="3" skip="0">All Tests</stat>
</total>
<tag>
</tag>
<suite>
<stat pass="3" fail="3" skip="0" id="s1" name="Test Login Rf">Test Login Rf</stat>
</suite>
</statistics>
<errors>
</errors>
</robot>
